<?xml version="1.0" encoding="UTF-8"?>
<!-- Generated by org.testng.reporters.JUnitXMLReporter -->
<testsuite hostname="localhost" ignored="0" name="fesql-v1-test1111" tests="20" failures="1" timestamp="22 三月 2021 02:03:43 GMT" time="0.613" errors="0">
  <testcase name="test" time="0.071" classname="test1.Test4"/>
  <testcase name="test1" time="0.001" classname="test1.Test4"/>
  <testcase name="HEHEHEH" time="0.01" classname="test2.Test1"/>
  <testcase name="HEHEHEH" time="0.006" classname="test2.Test1"/>
  <testcase name="HEHEHEH" time="0.005" classname="test2.Test1"/>
  <testcase name="HEHEHEH" time="0.004" classname="test2.Test1"/>
  <testcase name="hahahahaha" time="0.005" classname="test1.Test2"/>
  <testcase name="hahahahaha" time="0.005" classname="test1.Test2"/>
  <testcase name="hahahahaha" time="0.033" classname="test1.Test2">
    <failure type="java.lang.AssertionError" message="expected [true] but found [false]">
      <![CDATA[java.lang.AssertionError: expected [true] but found [false]
	at test1.Test2.test21(Test2.java:43)
	at util.TestFailListener.run(TestFailListener.java:33)
... Removed 35 stack frames]]>
    </failure>
  </testcase> <!-- hahahahaha -->
  <testcase name="hahahahaha" time="0.002" classname="test1.Test2"/>
  <testcase name="test11" time="0.002" classname="test1.Test3"/>
  <testcase name="test12" time="0.002" classname="test1.Test3"/>
  <testcase name="test21" time="0.002" classname="test1.Test3"/>
  <testcase name="test22" time="0.002" classname="test1.Test3"/>
  <testcase name="test12" time="0.039" classname="test1.Test1"/>
  <testcase name="test22" time="0.003" classname="test1.Test1"/>
  <testcase name="test21" time="0.01" classname="test1.Test1"/>
  <testcase name="test21" time="0.003" classname="test1.Test1"/>
  <testcase name="test21" time="0.003" classname="test1.Test1"/>
  <testcase name="test11" time="0.002" classname="test1.Test1"/>
</testsuite> <!-- fesql-v1-test1111 -->
