-------------------------------------------------------------------------------
Test set: TestSuite
-------------------------------------------------------------------------------
Tests run: 20, Failures: 1, Errors: 0, Skipped: 0, Time elapsed: 2.196 s <<< FAILURE! - in TestSuite
hahahahaha(test1.Test2)  Time elapsed: 0.05 s  <<< FAILURE!
java.lang.AssertionError: expected [true] but found [false]
	at test1.Test2.test21(Test2.java:43)

