<?xml version="1.0" encoding="UTF-8"?>
<testsuite xmlns:xsi="http://www.w3.org/2001/XMLSchema-instance" xsi:noNamespaceSchemaLocation="https://maven.apache.org/surefire/maven-surefire-plugin/xsd/surefire-test-report.xsd" name="TestSuite" time="2.196" tests="20" errors="0" skipped="0" failures="1">
  <properties>
[...]
</properties>
  <testcase name="test" classname="test1.Test4" time="0.069"/>
  <testcase name="test1" classname="test1.Test4" time="0.002"/>
  <testcase name="HEHEHEH" classname="test2.Test1" time="0.011"/>
  <testcase name="HEHEHEH" classname="test2.Test1" time="0.005"/>
  <testcase name="HEHEHEH" classname="test2.Test1" time="0.006"/>
  <testcase name="HEHEHEH" classname="test2.Test1" time="0.003"/>
  <testcase name="hahahahaha" classname="test1.Test2" time="0.005"/>
  <testcase name="hahahahaha" classname="test1.Test2" time="0.004"/>
  <testcase name="hahahahaha" classname="test1.Test2" time="0.05">
    <failure message="expected [true] but found [false]" type="java.lang.AssertionError">java.lang.AssertionError: expected [true] but found [false]
	at test1.Test2.test21(Test2.java:43)
</failure>
    <system-out><![CDATA[BBBBB
111
2021-03-22 10:03:43  [ test1.Test2.test21(Test2.java:42) ] - [ INFO ]  ssss
]]></system-out>
  </testcase>
  <testcase name="hahahahaha" classname="test1.Test2" time="0.002"/>
  <testcase name="test11" classname="test1.Test3" time="0.002"/>
  <testcase name="test12" classname="test1.Test3" time="0.002"/>
  <testcase name="test21" classname="test1.Test3" time="0.006"/>
  <testcase name="test22" classname="test1.Test3" time="0.002"/>
  <testcase name="test12" classname="test1.Test1" time="0.039"/>
  <testcase name="test22" classname="test1.Test1" time="0.002"/>
  <testcase name="test21" classname="test1.Test1" time="0.01"/>
  <testcase name="test21" classname="test1.Test1" time="0.003"/>
  <testcase name="test21" classname="test1.Test1" time="0.003"/>
  <testcase name="test11" classname="test1.Test1" time="0.003"/>
</testsuite>